2026-05-20T08:01:54.564Z|EVENT|evt=WAFER_START|lot=LOT4472|wafer=03|slot=3
2026-05-20T08:01:55.332Z|TELEM|stage_temp_c=22.31|chuck_vac_kpa=88.3|laser_mj=14.9|illum_pct=99.5|focus_nm=7
2026-05-20T08:01:56.648Z|EVENT|evt=ALIGN_COMPLETE|lot=LOT4472|wafer=03|align_resid_nm=3.8
2026-05-20T08:01:57.053Z|TELEM|stage_temp_c=22.44|chuck_vac_kpa=88.1|laser_mj=14.84|illum_pct=99.6|focus_nm=7
2026-05-20T08:01:57.706Z|TELEM|stage_temp_c=22.29|chuck_vac_kpa=87.8|laser_mj=14.83|illum_pct=99.4|focus_nm=9
2026-05-20T08:01:58.377Z|TELEM|stage_temp_c=22.34|chuck_vac_kpa=88.8|laser_mj=15.12|illum_pct=99.6|focus_nm=13
2026-05-20T08:01:59.211Z|EVENT|evt=EXPOSE_COMPLETE|lot=LOT4472|wafer=03|fields=88|dose_mj_cm2=32.5
2026-05-20T08:01:59.663Z|EVENT|evt=WAFER_COMPLETE|lot=LOT4472|wafer=03
2026-05-20T08:02:01.041Z|EVENT|evt=WAFER_START|lot=LOT4472|wafer=04|slot=4
2026-05-20T08:02:01.473Z|TELEM|stage_temp_c=22.52|chuck_vac_kpa=88.4|laser_mj=14.86|illum_pct=99.4|focus_nm=11
2026-05-20T08:02:03.161Z|EVENT|evt=ALIGN_COMPLETE|lot=LOT4472|wafer=04|align_resid_nm=4.1
2026-05-20T08:02:03.805Z|TELEM|stage_temp_c=22.52|chuck_vac_kpa=88.6|laser_mj=14.84|illum_pct=99.5|focus_nm=13
2026-05-20T08:02:04.343Z|TELEM|stage_temp_c=22.25|chuck_vac_kpa=88.4|laser_mj=15.05|illum_pct=99.4
2026-05-20T08:02:04.957Z|TELEM|stage_temp_c=22.25|chuck_vac_kpa=87.3|laser_mj=15.15|illum_pct=99.8|focus_nm=11
2026-05-20T08:02:05.630Z|TELEM|stage_temp_c=22.5|chuck_vac_kpa=88.1|laser_mj=14.86|illum_pct=99.3|focus_nm=13
2026-05-20T08:02:06.428Z|TELEM|stage_temp_c=22.51|chuck_vac_kpa=88.6|laser_mj=14.88|illum_pct=99.4|focus_nm=19
2026-05-20T08:02:06.979Z|EVENT|evt=EXPOSE_COMPLETE|lot=LOT4472|wafer=04|fields=92|dose_mj_cm2=32.6
2026-05-20T08:02:07.754Z|EVENT|evt=WAFER_COMPLETE|lot=LOT4472|wafer=04
2026-05-20T08:02:09.180Z|EVENT|evt=WAFER_START|lot=LOT4472|wafer=05|slot=5
2026-05-20T08:02:09.598Z|TELEM|stage_temp_c=22.3|chuck_vac_kpa=88.5|laser_mj=14.87|illum_pct=99.5|focus_nm=17
2026-05-20T08:02:11.381Z|EVENT|evt=ALIGN_COMPLETE|lot=LOT4472|wafer=05|align_resid_nm=2.7
2026-05-20T08:02:12.213Z|TELEM|stage_temp_c=22.49|chuck_vac_kpa=87.6|laser_mj=15.11|illum_pct=99.3|focus_nm=20
2026-05-20T08:02:13.049Z|TELEM|stage_temp_c=22.51|chuck_vac_kpa=87.6|laser_mj=15.13|illum_pct=99.5|focus_nm=16
2026-05-20T08:02:13.563Z|TELEM|stage_temp_c=22.26|chuck_vac_kpa=87.5|laser_mj=14.93|illum_pct=99.8|focus_nm=21
2026-05-20T08:02:14.446Z|TELEM|stage_temp_c=22.33|chuck_vac_kpa=88.2|laser_mj=14.96|illum_pct=99.9|focus_nm=14
2026-05-20T08:02:14.904Z|TELEM|stage_temp_c=22.54|chuck_vac_kpa=87.5|laser_mj=15.19|illum_pct=99.4|focus_nm=19
2026-05-20T08:02:15.458Z|EVENT|evt=EXPOSE_COMPLETE|lot=LOT4472|wafer=05|fields=92|dose_mj_cm2=31.8
2026-05-20T08:02:16.251Z|EVENT|evt=WAFER_COMPLETE|lot=LOT4472|wafer=05
2026-05-20T08:02:17.688Z|EVENT|evt=LOT_COMPLETE|lot=LOT4472|wafers_done=5
==== logrotate: reopened LS-200.log ====
2026-05-20T08:02:21.903Z|STATE|equipment_state=SCHEDULED|prev=PRODUCTIVE
2026-05-20T08:02:26.702Z|TELEM|stage_temp_c=22.31|chuck_vac_kpa=87.3|laser_mj=14.97|illum_pct=99.6|focus_nm=21
