2026-05-20T08:00:00.000Z|STATE|equipment_state=STANDBY|prev=NON_SCHEDULED
2026-05-20T08:00:04.918Z|TELEM|stage_temp_c=22.26|chuck_vac_kpa=87.6|laser_mj=14.89|illum_pct=99.7|focus_nm=-2
2026-05-20T08:00:08.184Z|STATE|equipment_state=PRODUCTIVE|prev=STANDBY
2026-05-20T08:00:08.698Z|EVENT|evt=LOT_START|lot=LOT4471|recipe=POLY_193I_A|wafers=4|reticle=RET-5503
2026-05-20T08:00:09.417Z|EVENT|evt=WAFER_START|lot=LOT4471|wafer=01|slot=1
2026-05-20T08:00:09.970Z|TELEM|stage_temp_c=22.26|chuck_vac_kpa=87.5|laser_mj=15.06|illum_pct=99.6|focus_nm=-4
2026-05-20T08:00:11.190Z|EVENT|evt=ALIGN_COMPLETE|lot=LOT4471|wafer=01|align_resid_nm=3.3
2026-05-20T08:00:11.970Z|TELEM|stage_temp_c=22.3|chuck_vac_kpa=87.9|laser_mj=14.91|illum_pct=99.4|focus_nm=0
2026-05-20T08:00:12.560Z|TELEM|stage_temp_c=22.36|chuck_vac_kpa=87.8|laser_mj=14.91|illum_pct=99.2|focus_nm=-1
2026-05-20T08:00:13.189Z|TELEM|stage_temp_c=22.29|chuck_vac_kpa=88.7|laser_mj=14.83|illum_pct=99.4|focus_nm=-3
2026-05-20T08:00:13.870Z|EVENT|evt=EXPOSE_COMPLETE|lot=LOT4471|wafer=01|fields=84|dose_mj_cm2=32.2
2026-05-20T08:00:14.293Z|EVENT|evt=WAFER_COMPLETE|lot=LOT4471|wafer=01
2026-05-20T08:00:15.021Z|EVENT|evt=WAFER_START|lot=LOT4471|wafer=02|slot=2
2026-05-20T08:00:15.466Z|TELEM|stage_temp_c=22.27|chuck_vac_kpa=87.6|laser_mj=14.84|illum_pct=99.4|focus_nm=-3
2026-05-20T08:00:17.101Z|EVENT|evt=ALIGN_COMPLETE|lot=LOT4471|wafer=02|align_resid_nm=2.6
2026-05-20T08:00:17.679Z|TELEM|stage_temp_c=22.45|chuck_vac_kpa=88.3|laser_mj=15.07|illum_pct=99.2|focus_nm=-2
2026-05-20T08:00:18.201Z|TELEM|laser_mj=15.17|focus_nm=-2|stage_temp_c=22.39|illum_pct=99.7|chuck_vac_kpa=87.6
2026-05-20T08:00:18.711Z|TELEM|stage_temp_c=22.35|chuck_vac_kpa=88.4|laser_mj=14.82|illum_pct=99.8|focus_nm=1
2026-05-20T08:00:19.144Z|TELEM|stage_temp_c=22.52|chuck_vac_kpa=88.1|laser_mj=15.09|illum_pct=99.3|focus_nm=-2
2026-05-20T08:00:19.894Z|EVENT|evt=EXPOSE_COMPLETE|lot=LOT4471|wafer=02|fields=92|dose_mj_cm2=31.6
2026-05-20T08:00:20.364Z|EVENT|evt=WAFER_COMPLETE|lot=LOT4471|wafer=02
2026-05-20T08:00:21.609Z|EVENT|evt=WAFER_START|lot=LOT4471|wafer=03|slot=3
2026-05-20T08:00:22.178Z|TELEM|stage_temp_c=22.47|chuck_vac_kpa=87.9|laser_mj=15.03|illum_pct=99.5|focus_nm=1
2026-05-20T08:00:23.672Z|EVENT|evt=ALIGN_COMPLETE|lot=LOT4471|wafer=03|align_resid_nm=3.8
2026-05-20T08:00:24.148Z|TELEM|stage_temp_c=22.7|chuck_vac_kpa=88.3|laser_mj=15.04|illum_pct=99.5|focus_nm=0
2026-05-20T08:00:24.846Z|TELEM|stage_temp_c=22.79|chuck_vac_kpa=87.6|laser_mj=15.02|illum_pct=99.9|focus_nm=0
2026-05-20T08:00:25.688Z|TELEM|stage_temp_c=22.88|chuck_vac_kpa=88.4|laser_mj=14.94|illum_pct=99.4|focus_nm=-1
2026-05-20T08:00:26.267Z|EVENT|evt=EXPOSE_COMPLETE|lot=LOT4471|wafer=03|fields=76|dose_mj_cm2=32.5
2026-05-20T08:00:27.105Z|EVENT|evt=WAFER_COMPLETE|lot=LOT4471|wafer=03
2026-05-20T08:00:27.384Z|ALARM|alid=2107|state=SET|sev=MAJOR|text=Focus offset out of spec
2026-05-20T08:00:27.585Z|STATE|equipment_state=UNSCHEDULED|prev=PRODUCTIVE
2026-05-20T08:01:12.944Z|ALARM|alid=2107|state=CLEAR
2026-05-20T08:01:13.418Z|STATE|equipment_state=PRODUCTIVE|prev=UNSCHEDULED
2026-05-20T08:01:14.788Z|EVENT|evt=WAFER_START|lot=LOT4471|wafer=04|slot=4
2026-05-20T08:01:15.238Z|TELEM|stage_temp_c=22.44|chuck_vac_kpa=88.2|laser_mj=14.86|illum_pct=99.7|focus_nm=-3
2026-05-20T08:01:16.768Z|EVENT|evt=ALIGN_COMPLETE|lot=LOT4471|wafer=04|align_resid_nm=1.5
2026-05-20T08:01:17.412Z|TELEM|stage_temp_c=22.28|chuck_vac_kpa=87.8|laser_mj=15.19|illum_pct=99.8|focus_nm=-1
2026-05-20T08:01:17.932Z|TELEM|stage_temp_c=22.32|chuck_vac_kpa=88.1|laser_mj=14.83|illum_pct=99.7|focus_nm=2
2026-05-20T08:01:18.598Z|TELEM|stage_temp_c=22.29|chuck_vac_kpa=88.3|laser_mj=15.18|illum_pct=99.3|focus_nm=-5
2026-05-20T08:01:19.262Z|TELEM|stage_temp_c=22.43|chuck_vac_kpa=88.7|laser_mj=15.17|illum_pct=99.7|focus_nm=-1
2026-05-20T08:01:19.962Z|EVENT|evt=EXPOSE_COMPLETE|lot=LOT4471|wafer=04|fields=88|dose_mj_cm2=31.9
2026-05-20T08:01:20.620Z|EVENT|evt=WAFER_COMPLETE|lot=LOT4471|wafer=04
2026-05-20T08:01:21.741Z|EVENT|evt=LOT_COMPLETE|lot=LOT4471|wafers_done=4
2026-05-20T08:01:31.314Z|STATE|equipment_state=STANDBY|prev=PRODUCTIVE
2026-05-20T08:01:35.329Z|TELEM|stage_temp_c=22.43|chuck_vac_kpa=87.6|laser_mj=14.89|illum_pct=99.2|focus_nm=-3
2026-05-20T08:01:37.787Z|STATE|equipment_state=PRODUCTIVE|prev=STANDBY
2026-05-20T08:01:38.739Z|EVENT|evt=LOT_START|lot=LOT4472|recipe=METAL1_248_C|wafers=5|reticle=RET-8842
2026-05-20T08:01:40.099Z|EVENT|evt=WAFER_START|lot=LOT4472|wafer=01|slot=1
2026-05-20T08:01:40.434Z|TELEM|stage_temp_c=22.32|chuck_vac_kpa=88.3|laser_mj=14.89|illum_pct=99.3|focus_nm=2
2026-05-20T08:01:41.907Z|EVENT|evt=ALIGN_COMPLETE|lot=LOT4472|wafer=01|align_resid_nm=3.9
2026-05-20T08:01:42.402Z|TELEM|stage_temp_c=22.28|chuck_vac_kpa=87.9|laser_mj=14.97|illum_pct=99.5|focus_nm=-1
2026-05-20T08:01:43.167Z|TELEM|stage_temp_c=22.45|chuck_vac_kpa=88.8|laser_mj=14.84|illum_pct=99.5|focus_nm=-2
2026-05-20T08:01:43.691Z|TELEM|stage_temp_c=22.31|chuck_vac_kpa=87.9|laser_mj=14.97|illum_pct=99.4|focus_nm=3
2026-05-20T08:01:44.216Z|TELEM|stage_temp_c=22.53|chuck_vac_kpa=87.9|laser_mj=15.14|illum_pct=99.6|focus_nm=7
2026-05-20T08:01:45.134Z|EVENT|evt=EXPOSE_COMPLETE|lot=LOT4472|wafer=01|fields=76|dose_mj_cm2=32.5
2026-05-20T08:01:45.958Z|EVENT|evt=WAFER_COMPLETE|lot=LOT4472|wafer=01
2026-05-20T08:01:46.625Z|EVENT|evt=WAFER_START|lot=LOT4472|wafer=02|slot=2
2026-05-20T08:01:47.167Z|TELEM|stage_temp_c=22.31|chuck_vac_kpa=87.8|laser_mj=14.82|illum_pct=99.5|focus_nm=2
2026-05-20T08:01:49.153Z|EVENT|evt=ALIGN_COMPLETE|lot=LOT4472|wafer=02|align_resid_nm=2.3
2026-05-20T08:01:49.695Z|TELEM|stage_temp_c=22.46|chuck_vac_kpa=88.4|laser_mj=15.11|illum_pct=99.7|focus_nm=-1
2026-05-20T08:01:50.204Z|TELEM|stage_temp_c=22.27|chuck_vac_kpa=88.4|laser_mj=14.82|illum_pct=99.4|focus_nm=0
2026-05-20T08:01:50.629Z|TELEM|stage_temp_c=22.39|chuck_vac_kpa=88.7|laser_mj=15.01|illum_pct=99.2|focus_nm=-4
2026-05-20T08:01:51.064Z|TELEM|stage_temp_c=22.27|chuck_vac_kpa=88.6|laser_mj=14.96|illum_pct=99.9|focus_nm=0
2026-05-20T08:01:51.848Z|EVENT|evt=EXPOSE_COMPLETE|lot=LOT4472|wafer=02|fields=76|dose_mj_cm2=32.1
2026-05-20T08:01:52.458Z|EVENT|evt=WAFER_COMPLETE|lot=LOT4472|wafer=02
2026-05-20T08:01:52|EVENT|evt=WAFER_STAR
